Save database : Modification by user
Save repository element : 实战业务库 : Modification by user
Save database : Modification by user
Save repository element : 指挥业务库 : Modification by user
Save database : Modification by user
Save repository element : 实战业务库 : Modification by user
Save database : Modification by user
Save repository element : 指挥业务库 : Modification by user
Save database : Modification by user
Save repository element : 指挥业务库 : Modification by user
Save database : Modification by user
Save repository element : 核录查控source库 : Modification by user
Save database : Modification by user
Save repository element : 实战业务库 : Modification by user
Save database : Modification by user
Save repository element : 指挥业务库 : Modification by user
Save database : Modification by user
Save repository element : 实战业务库 : Modification by user
Save database : Modification by user
Save repository element : 实战业务库 : Modification by user
Save database : Modification by user
Save repository element : 常口source库 : Modification by user
Save database : Modification by user
Save repository element : 拘留所source库 : Modification by user
Save database : Modification by user
Save repository element : 拘留所source库 : Modification by user
Save database : Modification by user
Save repository element : 实战业务库 : Modification by user
Save database : Modification by user
Save repository element : 戒毒所source库 : Modification by user
Save database : Modification by user
Save repository element : 戒毒所source库 : Modification by user
Save database : Modification by user
Save repository element : 戒毒所source库 : Modification by user
Save database : Modification by user
Save repository element : 戒毒所source库 : Modification by user
Save database : Modification by user
Save repository element : 戒毒所source库 : Modification by user
Save database : Modification by user
Save repository element : 拘留所source库 : Modification by user
Save database : Modification by user
Save repository element : 戒毒所source库 : Modification by user
Save database : Modification by user
Save repository element : 戒毒所source库 : Modification by user
Save database : Modification by user
Save repository element : 戒毒所source库 : Modification by user
Save database : Modification by user
Save repository element : 拘留所source库 : Modification by user
Save database : Modification by user
Save repository element : 交管source库 : Modification by user
Save database : Modification by user
Save repository element : 戒毒所source库 : Modification by user
Save database : Modification by user
Save repository element : 特行source库 : Modification by user
Save database : Modification by user
Save repository element : 实战业务库 : Modification by user
Save database : Modification by user
Save repository element : 铁路公安source库 : Modification by user
Save database : Modification by user
Save repository element : 特行source库 : Modification by user
Save database : Modification by user
Save repository element : 边界source库 : Modification by user
Save database : Modification by user
Save repository element : 重点人管控source库 : Modification by user
Save database : Modification by user
Save repository element : 社区警务source库 : Modification by user
Save database : Modification by user
Save repository element : 特行source库 : Modification by user
Save database : Modification by user
Save repository element : 案管业务库 : Modification by user
Save database : Modification by user
Save repository element : 核录查控source库 : Modification by user
Save database : Modification by user
Save repository element : 拘留所source库 : Modification by user
Save database : Modification by user
Save repository element : 戒毒所source库 : Modification by user
Save database : Modification by user
Save repository element : 常口source库 : Modification by user
Save database : Modification by user
Save repository element : 交管source库 : Modification by user
Save database : Modification by user
Save repository element : v3source库1 : Modification by user
Save database : Modification by user
Save repository element : v3source库 : Modification by user
Save repository element : szpt-cluster : Creation of initial version
Save repository element : master : Creation of initial version
Save repository element : slave1 : Creation of initial version
Save repository element : slave2 : Creation of initial version
Save database : Modification by user
Save repository element : 执法记录仪库 : Modification by user
Save database : Modification by user
Save repository element : 执法记录仪库 : Modification by user
Save repository element : schema : Creation of initial version
Save repository element : 111 : Creation of initial version
Save database : Modification by user
Save repository element : 指挥业务库 : Modification by user
Save database : Modification by user
Save repository element : 执法记录仪库 : Modification by user
Save database : Modification by user
Save repository element : 案管业务库 : Modification by user
Save database : Modification by user
Save repository element : 实战业务库 : Modification by user
